SF:lib\features\camera\presentation\bindings\camera_binding.dart
DA:5,1
DA:7,2
LF:2
LH:2
end_of_record
SF:lib\features\location\presentation\bindings\location_binding.dart
DA:14,1
DA:16,2
DA:17,0
DA:18,0
DA:19,0
DA:20,0
DA:25,0
DA:26,0
DA:27,0
DA:28,0
DA:29,0
DA:30,0
LF:12
LH:2
end_of_record
SF:lib\features\users\presentation\bindings\users_binding.dart
DA:10,1
DA:12,2
DA:13,0
DA:14,0
DA:15,0
DA:16,0
DA:21,0
LF:7
LH:2
end_of_record
SF:lib\core\config\env.dart
DA:4,4
LF:1
LH:1
end_of_record
SF:lib\core\logging\app_logger.dart
DA:5,0
DA:6,12
DA:7,4
LF:3
LH:2
end_of_record
SF:lib\core\services\api_service.dart
DA:10,6
DA:12,3
DA:13,3
DA:14,3
DA:23,1
DA:32,2
DA:34,2
DA:35,2
DA:36,1
DA:39,3
DA:40,1
DA:41,1
DA:45,2
LF:13
LH:13
end_of_record
SF:lib\core\usecases\usecase.dart
DA:13,1
LF:1
LH:1
end_of_record
SF:lib\core\utils\api_constants.dart
DA:2,0
DA:6,6
DA:7,3
DA:8,3
DA:9,3
LF:5
LH:4
end_of_record
SF:lib\features\camera\presentation\controller\camera_controller.dart
DA:19,3
DA:22,3
DA:24,0
DA:26,0
DA:27,0
DA:28,0
DA:31,1
DA:32,1
DA:35,1
DA:36,2
DA:37,2
DA:38,1
DA:40,2
DA:41,2
DA:43,1
DA:46,1
DA:48,2
DA:49,2
DA:50,1
DA:51,2
DA:53,4
DA:56,0
DA:58,2
DA:62,1
DA:63,2
LF:25
LH:20
end_of_record
SF:lib\features\location\data\datasources\location_local_datasource.dart
DA:8,1
DA:10,1
LF:2
LH:2
end_of_record
SF:lib\features\location\domain\entities\location_point.dart
DA:5,0
LF:1
LH:0
end_of_record
SF:lib\features\location\data\datasources\location_remote_datasource.dart
DA:20,1
DA:22,1
DA:25,2
DA:26,1
DA:29,2
DA:30,1
DA:32,1
DA:33,1
DA:34,1
DA:38,0
DA:43,1
DA:46,1
DA:47,2
DA:50,1
DA:52,2
DA:53,1
DA:55,1
DA:56,1
DA:57,1
DA:61,0
DA:66,1
DA:69,2
DA:70,2
DA:73,1
DA:75,2
DA:76,1
DA:78,1
DA:79,1
DA:80,1
DA:84,0
DA:89,1
DA:92,2
DA:93,2
DA:96,1
DA:98,2
DA:99,1
DA:101,1
DA:102,1
DA:103,1
DA:107,0
DA:112,1
DA:116,2
DA:117,2
DA:120,1
DA:122,2
DA:123,1
DA:124,1
DA:126,1
DA:127,2
DA:128,1
DA:129,1
DA:130,4
DA:131,1
DA:135,4
DA:136,1
DA:140,0
LF:56
LH:51
end_of_record
SF:lib\features\location\domain\models\district_model.dart
DA:7,1
DA:12,1
DA:13,1
DA:14,2
DA:15,2
DA:19,1
DA:20,1
DA:21,1
DA:22,1
LF:9
LH:9
end_of_record
SF:lib\features\location\domain\models\province_model.dart
DA:7,1
DA:12,1
DA:13,1
DA:14,2
DA:15,2
DA:19,1
DA:20,1
DA:21,1
DA:22,1
LF:9
LH:9
end_of_record
SF:lib\features\location\domain\models\regency_model.dart
DA:7,1
DA:12,1
DA:13,1
DA:14,2
DA:15,2
DA:19,1
DA:20,1
DA:21,1
DA:22,1
LF:9
LH:9
end_of_record
SF:lib\features\location\domain\models\village_model.dart
DA:7,1
DA:12,1
DA:13,1
DA:14,2
DA:15,2
DA:19,1
DA:20,1
DA:21,1
DA:22,1
LF:9
LH:9
end_of_record
SF:lib\features\location\data\repositories\location_repository_impl.dart
DA:16,1
DA:21,1
DA:23,1
DA:28,1
DA:31,2
DA:32,4
DA:34,3
DA:39,1
DA:42,2
DA:43,4
DA:45,3
DA:50,1
DA:53,2
DA:54,0
DA:56,3
DA:61,1
DA:64,2
DA:65,0
DA:67,3
DA:72,1
DA:74,4
DA:75,3
LF:22
LH:20
end_of_record
SF:lib\features\location\domain\entities\province.dart
DA:5,1
LF:1
LH:1
end_of_record
SF:lib\features\location\domain\entities\regency.dart
DA:5,1
LF:1
LH:1
end_of_record
SF:lib\features\location\domain\entities\district.dart
DA:5,1
LF:1
LH:1
end_of_record
SF:lib\features\location\domain\entities\village.dart
DA:5,1
LF:1
LH:1
end_of_record
SF:lib\features\location\domain\usecases\get_city.dart
DA:7,1
DA:9,1
DA:11,2
LF:3
LH:3
end_of_record
SF:lib\features\location\domain\usecases\get_district.dart
DA:7,1
DA:9,1
DA:11,2
LF:3
LH:3
end_of_record
SF:lib\features\location\domain\usecases\get_postal.dart
DA:6,1
DA:8,1
DA:10,2
LF:3
LH:3
end_of_record
SF:lib\features\location\domain\usecases\get_province.dart
DA:7,1
DA:9,1
DA:11,2
LF:3
LH:3
end_of_record
SF:lib\features\location\domain\usecases\get_village.dart
DA:7,1
DA:9,1
DA:11,2
LF:3
LH:3
end_of_record
SF:lib\features\location\presentation\controllers\location_controller.dart
DA:19,1
DA:38,0
DA:41,0
DA:44,0
DA:47,0
DA:50,3
DA:51,0
DA:54,3
DA:55,0
DA:58,3
DA:59,0
DA:62,3
DA:63,0
DA:72,3
DA:75,0
DA:78,0
DA:81,0
DA:84,0
DA:87,0
DA:89,0
DA:91,0
DA:92,0
DA:94,0
DA:97,0
DA:98,0
DA:101,1
DA:102,1
DA:105,1
DA:106,2
DA:107,2
DA:108,1
DA:110,2
DA:111,2
DA:113,1
DA:116,1
DA:118,2
DA:119,4
DA:120,5
DA:122,0
DA:124,2
DA:128,1
DA:130,2
DA:131,4
DA:132,5
DA:134,0
DA:136,2
DA:140,1
DA:142,2
DA:143,4
DA:144,5
DA:146,0
DA:148,2
DA:152,1
DA:154,2
DA:155,4
DA:156,5
DA:158,0
DA:160,2
DA:164,0
DA:166,0
DA:167,0
DA:168,0
DA:169,0
DA:170,0
DA:173,0
DA:175,0
DA:179,1
DA:181,2
DA:182,1
DA:183,1
DA:189,1
DA:193,1
DA:194,1
DA:197,3
DA:199,1
DA:200,1
DA:201,1
DA:204,3
DA:206,1
DA:207,1
DA:209,1
DA:210,1
DA:211,1
DA:214,2
DA:215,4
DA:217,1
DA:218,1
DA:219,1
DA:222,2
DA:223,4
DA:225,1
DA:226,1
DA:227,1
DA:230,2
DA:231,4
DA:233,1
DA:234,1
DA:235,1
DA:237,2
DA:241,3
DA:244,0
DA:246,2
DA:250,1
DA:251,2
DA:252,2
DA:253,2
DA:254,3
DA:255,2
DA:256,2
DA:257,3
DA:258,2
DA:259,2
DA:260,3
DA:261,2
DA:262,2
DA:265,0
DA:266,0
DA:267,0
DA:269,0
DA:270,0
DA:271,0
DA:272,0
DA:273,0
DA:274,0
DA:275,0
DA:276,0
DA:277,0
DA:278,0
DA:279,0
DA:283,0
DA:284,0
DA:286,0
DA:287,0
DA:288,0
DA:289,0
DA:290,0
DA:291,0
DA:292,0
DA:293,0
DA:297,0
DA:298,0
DA:300,0
DA:301,0
DA:302,0
DA:303,0
DA:304,0
DA:308,0
DA:309,0
DA:310,0
DA:312,0
DA:316,1
DA:320,2
DA:321,2
DA:322,2
DA:323,2
DA:324,2
DA:325,2
DA:326,2
DA:327,2
DA:328,1
DA:331,1
DA:335,2
DA:336,2
DA:337,2
DA:338,1
DA:341,1
DA:342,2
DA:345,2
DA:351,1
DA:352,2
DA:355,2
DA:358,2
DA:361,2
DA:367,1
DA:368,1
DA:369,1
DA:372,1
DA:373,1
DA:374,1
DA:376,1
DA:378,1
DA:380,2
DA:381,1
DA:382,1
DA:383,1
DA:384,1
DA:387,1
DA:391,1
DA:392,1
DA:394,1
DA:395,1
DA:397,1
DA:398,0
DA:401,2
DA:402,2
DA:410,0
DA:411,0
DA:412,0
DA:423,1
DA:424,2
DA:431,0
DA:432,0
DA:435,0
DA:436,0
DA:438,0
DA:439,0
DA:442,0
DA:443,0
DA:445,0
DA:446,0
DA:447,0
DA:448,0
DA:449,0
DA:451,0
DA:452,0
DA:456,0
DA:459,0
DA:460,0
DA:463,0
LF:219
LH:129
end_of_record
SF:lib\features\users\data\datasources\user_local_datasource.dart
DA:8,1
DA:13,1
LF:2
LH:2
end_of_record
SF:lib\features\users\domain\entities\user_profile.dart
DA:17,1
LF:1
LH:1
end_of_record
SF:lib\features\users\data\datasources\user_remote_datasource.dart
DA:17,1
DA:19,1
DA:25,2
DA:27,1
DA:32,2
DA:33,1
DA:35,1
DA:36,1
DA:37,1
DA:41,3
LF:10
LH:10
end_of_record
SF:lib\features\users\domain\models\user_profile_model.dart
DA:16,1
DA:29,1
DA:30,3
DA:31,3
DA:33,6
DA:34,3
DA:35,4
DA:36,3
DA:37,3
DA:38,3
DA:39,3
DA:40,3
DA:41,2
DA:42,2
DA:49,2
DA:51,1
DA:65,1
DA:66,1
DA:67,1
DA:68,1
DA:69,1
DA:70,1
DA:71,1
DA:72,1
DA:73,1
DA:74,1
DA:75,2
DA:76,1
DA:80,1
DA:81,1
DA:82,1
DA:84,1
DA:86,0
DA:93,1
DA:97,1
DA:98,3
DA:99,3
DA:100,3
DA:101,3
DA:102,3
DA:103,4
DA:104,1
LF:42
LH:41
end_of_record
SF:lib\features\users\data\repositories\user_repository_impl.dart
DA:13,1
DA:18,1
DA:24,2
DA:28,4
DA:30,3
LF:5
LH:5
end_of_record
SF:lib\features\users\domain\entities\company.dart
DA:7,1
LF:1
LH:1
end_of_record
SF:lib\features\users\domain\models\company_model.dart
DA:9,4
DA:16,1
DA:17,3
DA:18,3
DA:19,3
DA:20,2
DA:22,1
DA:30,1
DA:31,1
DA:32,1
DA:33,1
DA:34,1
DA:35,1
DA:39,1
DA:43,1
DA:44,3
DA:45,3
DA:46,3
DA:47,3
DA:48,3
DA:49,4
DA:50,1
LF:22
LH:22
end_of_record
SF:lib\features\users\domain\usecases\get_users.dart
DA:9,1
DA:14,1
DA:16,1
DA:18,4
LF:4
LH:4
end_of_record
SF:lib\features\users\presentation\controllers\users_controller.dart
DA:9,1
DA:15,3
DA:18,3
DA:22,0
DA:24,0
DA:25,0
DA:26,0
DA:27,0
DA:28,0
DA:29,0
DA:30,0
DA:31,0
DA:36,1
DA:38,2
DA:39,2
DA:40,3
DA:42,2
DA:43,2
DA:45,0
DA:47,5
DA:49,0
DA:51,2
LF:22
LH:11
end_of_record
SF:lib\features\camera\data\datasources\camera_local_datasource.dart
DA:9,1
DA:11,1
DA:13,1
LF:3
LH:3
end_of_record
SF:lib\features\camera\data\repositories\camera_repository_impl.dart
DA:7,1
DA:9,1
DA:11,1
LF:3
LH:3
end_of_record
SF:lib\features\camera\domain\entities\captured_photo.dart
DA:3,1
LF:1
LH:1
end_of_record
SF:lib\features\camera\domain\usecases\capture_photo.dart
DA:7,1
DA:9,1
DA:11,2
LF:3
LH:3
end_of_record
SF:lib\core\error\exceptions.dart
DA:4,1
DA:9,1
DA:13,1
DA:18,1
LF:4
LH:4
end_of_record
SF:lib\core\error\failures.dart
DA:4,1
DA:9,1
DA:13,1
DA:18,1
LF:4
LH:4
end_of_record
SF:lib\core\routes\app_pages.dart
DA:13,0
DA:15,3
DA:16,1
DA:17,1
DA:19,0
DA:20,1
DA:22,1
DA:24,0
DA:25,1
DA:27,1
DA:29,0
DA:30,1
LF:12
LH:8
end_of_record
SF:lib\core\routes\app_routes.dart
DA:2,0
LF:1
LH:0
end_of_record
SF:lib\core\theme\app_colors.dart
DA:5,0
LF:1
LH:0
end_of_record
SF:lib\core\utils\gap.dart
DA:6,0
DA:9,1
DA:10,2
DA:11,4
DA:15,3
DA:16,4
DA:17,0
DA:18,0
DA:23,2
DA:24,1
DA:28,0
DA:31,3
DA:36,3
LF:13
LH:9
end_of_record
SF:lib\features\location\domain\models\postal_model.dart
DA:4,1
DA:5,1
LF:2
LH:2
end_of_record
SF:lib\features\camera\presentation\pages\camera_page.dart
DA:13,2
DA:15,0
DA:16,0
DA:17,0
DA:18,0
DA:21,0
DA:22,0
DA:23,0
DA:26,0
DA:27,0
DA:28,0
DA:31,0
DA:36,0
DA:37,0
DA:38,0
DA:40,0
DA:45,0
DA:46,0
DA:48,0
DA:58,0
DA:59,0
DA:60,0
DA:61,0
DA:63,0
DA:64,0
DA:65,0
DA:66,0
DA:67,0
DA:69,0
DA:70,0
DA:71,0
DA:72,0
DA:75,0
DA:79,0
DA:80,0
DA:81,0
DA:82,0
DA:87,0
DA:88,0
DA:89,0
DA:91,0
DA:92,0
DA:95,0
DA:96,0
DA:98,0
DA:107,0
DA:109,0
DA:110,0
DA:111,0
DA:113,0
DA:114,0
DA:115,0
DA:116,0
DA:117,0
DA:118,0
LF:55
LH:1
end_of_record
SF:lib\features\home\presentation\pages\home_page.dart
DA:12,2
DA:14,0
DA:19,0
DA:20,0
DA:21,0
DA:23,0
DA:24,0
DA:25,0
DA:26,0
DA:27,0
DA:28,0
DA:30,0
DA:31,0
DA:32,0
DA:34,0
DA:35,0
DA:37,0
DA:38,0
DA:40,0
DA:50,0
DA:52,0
DA:53,0
DA:54,0
DA:56,0
DA:57,0
DA:58,0
DA:59,0
DA:62,0
DA:63,0
DA:69,0
DA:70,0
DA:75,0
DA:77,0
LF:33
LH:1
end_of_record
SF:lib\features\location\presentation\pages\location_page.dart
DA:15,2
DA:17,0
DA:19,0
DA:20,0
DA:21,0
DA:22,0
DA:23,0
DA:24,0
DA:25,0
DA:26,0
DA:27,0
DA:28,0
DA:29,0
DA:30,0
DA:31,0
DA:32,0
DA:33,0
DA:34,0
DA:35,0
DA:36,0
DA:37,0
DA:39,0
DA:41,0
DA:43,0
DA:44,0
DA:45,0
DA:46,0
DA:47,0
DA:50,0
DA:51,0
DA:52,0
DA:53,0
DA:54,0
DA:60,0
DA:61,0
DA:62,0
DA:63,0
DA:64,0
DA:65,0
DA:67,0
DA:69,0
DA:71,0
DA:72,0
DA:73,0
DA:74,0
DA:75,0
DA:78,0
DA:79,0
DA:80,0
DA:81,0
DA:82,0
DA:89,0
DA:90,0
DA:91,0
DA:92,0
DA:93,0
DA:94,0
DA:96,0
DA:98,0
DA:100,0
DA:101,0
DA:102,0
DA:103,0
DA:104,0
DA:107,0
DA:108,0
DA:109,0
DA:110,0
DA:111,0
DA:118,0
DA:119,0
DA:120,0
DA:121,0
DA:122,0
DA:123,0
DA:125,0
DA:127,0
DA:129,0
DA:130,0
DA:131,0
DA:132,0
DA:133,0
DA:136,0
DA:137,0
DA:138,0
DA:139,0
DA:140,0
DA:146,0
DA:147,0
DA:148,0
DA:149,0
DA:150,0
DA:151,0
DA:152,0
DA:153,0
DA:155,0
DA:159,0
DA:161,0
DA:165,0
DA:166,0
DA:167,0
DA:168,0
DA:169,0
DA:175,0
DA:179,0
DA:180,0
DA:181,0
DA:182,0
DA:184,0
DA:185,0
DA:186,0
DA:187,0
DA:188,0
DA:189,0
DA:190,0
DA:192,0
DA:200,0
DA:202,0
DA:204,0
DA:205,0
DA:208,0
DA:209,0
DA:211,0
DA:212,0
LF:124
LH:1
end_of_record
SF:lib\features\users\presentation\pages\users_page.dart
DA:11,2
DA:13,0
DA:14,0
DA:15,0
DA:16,0
DA:17,0
DA:18,0
DA:20,0
DA:21,0
DA:22,0
DA:23,0
DA:24,0
DA:26,0
DA:27,0
DA:32,0
DA:33,0
DA:34,0
DA:35,0
DA:41,0
DA:42,0
DA:45,0
DA:47,0
DA:48,0
DA:49,0
DA:51,0
DA:52,0
DA:53,0
DA:54,0
DA:55,0
LF:29
LH:1
end_of_record
SF:lib\core\theme\app_text_styles.dart
DA:7,0
DA:9,0
DA:10,0
DA:11,0
DA:12,0
DA:13,0
DA:14,0
DA:15,0
DA:16,0
DA:17,0
DA:18,0
DA:19,0
DA:20,0
DA:21,0
DA:22,0
DA:23,0
DA:26,0
DA:28,0
DA:36,0
DA:47,0
DA:54,0
LF:21
LH:0
end_of_record
SF:lib\core\theme\app_theme.dart
DA:6,0
DA:8,0
DA:10,0
DA:19,0
DA:26,0
DA:29,0
DA:30,0
DA:33,0
DA:34,0
DA:37,0
DA:38,0
DA:42,0
DA:43,0
DA:46,0
DA:47,0
LF:15
LH:0
end_of_record
SF:lib\presentation\widgets\app_elevated_button.dart
DA:10,0
DA:17,0
DA:19,0
DA:20,0
DA:23,0
DA:24,0
DA:28,0
DA:29,0
DA:32,0
DA:36,0
LF:10
LH:0
end_of_record
SF:lib\presentation\widgets\app_outlined_button.dart
DA:10,0
DA:17,0
DA:19,0
DA:20,0
DA:23,0
DA:24,0
DA:26,0
DA:30,0
DA:31,0
DA:34,0
DA:38,0
LF:11
LH:0
end_of_record
SF:lib\features\home\presentation\controllers\home_controller.dart
DA:6,3
DA:7,3
DA:9,0
DA:11,0
LF:4
LH:2
end_of_record
SF:lib\features\location\presentation\widgets\dropdown.dart
DA:14,0
DA:25,0
DA:27,0
DA:29,0
DA:30,0
DA:32,0
DA:33,0
DA:34,0
DA:35,0
DA:36,0
DA:37,0
DA:38,0
DA:42,0
DA:43,0
DA:44,0
DA:45,0
DA:46,0
DA:48,0
LF:18
LH:0
end_of_record
SF:lib\features\users\presentation\widgets\user_card.dart
DA:8,0
DA:12,0
DA:17,0
DA:21,0
DA:25,0
DA:32,0
DA:33,0
DA:35,0
DA:39,0
DA:41,0
DA:42,0
DA:43,0
DA:44,0
DA:45,0
DA:47,0
DA:48,0
DA:49,0
DA:52,0
DA:56,0
DA:58,0
DA:59,0
DA:60,0
DA:61,0
DA:63,0
DA:64,0
DA:65,0
DA:67,0
DA:68,0
DA:69,0
DA:70,0
DA:72,0
DA:73,0
DA:74,0
DA:75,0
DA:76,0
DA:79,0
DA:80,0
DA:81,0
DA:86,0
DA:87,0
DA:90,0
DA:91,0
DA:92,0
DA:93,0
DA:96,0
DA:97,0
DA:98,0
DA:100,0
DA:101,0
DA:102,0
DA:104,0
DA:105,0
DA:106,0
DA:107,0
DA:108,0
DA:109,0
LF:56
LH:0
end_of_record
SF:lib\features\home\data\datasources\home_local_datasource.dart
DA:8,1
DA:10,1
LF:2
LH:2
end_of_record
SF:lib\features\home\data\repositories\home_repository_impl.dart
DA:7,1
DA:9,1
DA:11,1
LF:3
LH:3
end_of_record
SF:lib\features\home\domain\entities\home_action.dart
DA:5,1
LF:1
LH:1
end_of_record
SF:lib\features\home\domain\usecases\get_home_actions.dart
DA:7,1
DA:9,1
DA:11,2
LF:3
LH:3
end_of_record
